2024-09-19T15:29:24.548+08:00  INFO 44904 --- [main] com.qiaopi.QiaopiServerApplication       : Starting QiaopiServerApplication using Java 17.0.10 with PID 44904 (D:\A_IDE\Code\items\Qiaopi\Qiaopi-server\target\classes started by Abin in D:\A_IDE\Code\items\Qiaopi)
2024-09-19T15:29:24.550+08:00  INFO 44904 --- [main] com.qiaopi.QiaopiServerApplication       : The following 1 profile is active: "dev"
2024-09-19T15:29:24.968+08:00  INFO 44904 --- [main] .s.d.r.c.RepositoryConfigurationDelegate : Multiple Spring Data modules found, entering strict repository configuration mode
2024-09-19T15:29:24.970+08:00  INFO 44904 --- [main] .s.d.r.c.RepositoryConfigurationDelegate : Bootstrapping Spring Data Redis repositories in DEFAULT mode.
2024-09-19T15:29:24.996+08:00  INFO 44904 --- [main] .s.d.r.c.RepositoryConfigurationDelegate : Finished Spring Data repository scanning in 16 ms. Found 0 Redis repository interfaces.
2024-09-19T15:29:25.364+08:00  INFO 44904 --- [main] o.s.b.w.embedded.tomcat.TomcatWebServer  : Tomcat initialized with port 8080 (http)
2024-09-19T15:29:25.372+08:00  INFO 44904 --- [main] o.apache.catalina.core.StandardService   : Starting service [Tomcat]
2024-09-19T15:29:25.373+08:00  INFO 44904 --- [main] o.apache.catalina.core.StandardEngine    : Starting Servlet engine: [Apache Tomcat/10.1.28]
2024-09-19T15:29:25.422+08:00  INFO 44904 --- [main] o.a.c.c.C.[Tomcat].[localhost].[/]       : Initializing Spring embedded WebApplicationContext
2024-09-19T15:29:25.422+08:00  INFO 44904 --- [main] w.s.c.ServletWebServerApplicationContext : Root WebApplicationContext: initialization completed in 843 ms
2024-09-19T15:29:25.456+08:00  INFO 44904 --- [main] com.qiaopi.config.OssConfiguration       : 开始创建阿里云文件上传工具类对象：AliOssProperties(endpoint=https://oss-cn-guangzhou.aliyuncs.com, accessKeyId=LTAI5tLNaiHCBNss9PtQnuRc, accessKeySecret=KrOp7EyiY78PLSbxwaw8GKRGSLDWi2, bucketName=qiaopi)
2024-09-19T15:29:25.923+08:00  INFO 44904 --- [main] com.qiaopi.config.WebMvcConfiguration    : 开始注册自定义拦截器...
2024-09-19T15:29:25.961+08:00  INFO 44904 --- [main] com.qiaopi.config.WebMvcConfiguration    : 扩展消息转换器...
2024-09-19T15:29:26.265+08:00  INFO 44904 --- [main] o.s.b.w.embedded.tomcat.TomcatWebServer  : Tomcat started on port 8080 (http) with context path '/'
2024-09-19T15:29:26.272+08:00  INFO 44904 --- [main] com.qiaopi.QiaopiServerApplication       : Started QiaopiServerApplication in 2.02 seconds (process running for 2.369)
2024-09-19T15:29:36.869+08:00  INFO 44904 --- [http-nio-8080-exec-1] o.a.c.c.C.[Tomcat].[localhost].[/]       : Initializing Spring DispatcherServlet 'dispatcherServlet'
2024-09-19T15:29:36.870+08:00  INFO 44904 --- [http-nio-8080-exec-1] o.s.web.servlet.DispatcherServlet        : Initializing Servlet 'dispatcherServlet'
2024-09-19T15:29:36.870+08:00  INFO 44904 --- [http-nio-8080-exec-1] o.s.web.servlet.DispatcherServlet        : Completed initialization in 0 ms
2024-09-19T15:29:36.993+08:00  INFO 44904 --- [http-nio-8080-exec-1] c.qiaopi.controller.user.UserController  : 获取验证码:kpBnf
2024-09-19T15:35:02.286+08:00  INFO 44904 --- [SpringApplicationShutdownHook] com.alibaba.druid.pool.DruidDataSource   : {dataSource-0} closing ...
2024-09-19T15:35:15.353+08:00  INFO 38416 --- [main] com.qiaopi.QiaopiServerApplication       : Starting QiaopiServerApplication using Java 17.0.10 with PID 38416 (D:\A_IDE\Code\items\Qiaopi\Qiaopi-server\target\classes started by Abin in D:\A_IDE\Code\items\Qiaopi)
2024-09-19T15:35:15.355+08:00  INFO 38416 --- [main] com.qiaopi.QiaopiServerApplication       : The following 1 profile is active: "dev"
2024-09-19T15:35:15.784+08:00  INFO 38416 --- [main] .s.d.r.c.RepositoryConfigurationDelegate : Multiple Spring Data modules found, entering strict repository configuration mode
2024-09-19T15:35:15.792+08:00  INFO 38416 --- [main] .s.d.r.c.RepositoryConfigurationDelegate : Bootstrapping Spring Data Redis repositories in DEFAULT mode.
2024-09-19T15:35:15.818+08:00  INFO 38416 --- [main] .s.d.r.c.RepositoryConfigurationDelegate : Finished Spring Data repository scanning in 14 ms. Found 0 Redis repository interfaces.
2024-09-19T15:35:16.188+08:00  INFO 38416 --- [main] o.s.b.w.embedded.tomcat.TomcatWebServer  : Tomcat initialized with port 8080 (http)
2024-09-19T15:35:16.197+08:00  INFO 38416 --- [main] o.apache.catalina.core.StandardService   : Starting service [Tomcat]
2024-09-19T15:35:16.197+08:00  INFO 38416 --- [main] o.apache.catalina.core.StandardEngine    : Starting Servlet engine: [Apache Tomcat/10.1.28]
2024-09-19T15:35:16.248+08:00  INFO 38416 --- [main] o.a.c.c.C.[Tomcat].[localhost].[/]       : Initializing Spring embedded WebApplicationContext
2024-09-19T15:35:16.249+08:00  INFO 38416 --- [main] w.s.c.ServletWebServerApplicationContext : Root WebApplicationContext: initialization completed in 864 ms
2024-09-19T15:35:16.280+08:00  INFO 38416 --- [main] com.qiaopi.config.OssConfiguration       : 开始创建阿里云文件上传工具类对象：AliOssProperties(endpoint=https://oss-cn-guangzhou.aliyuncs.com, accessKeyId=LTAI5tLNaiHCBNss9PtQnuRc, accessKeySecret=KrOp7EyiY78PLSbxwaw8GKRGSLDWi2, bucketName=qiaopi)
2024-09-19T15:35:16.765+08:00  INFO 38416 --- [main] com.qiaopi.config.WebMvcConfiguration    : 开始注册自定义拦截器...
2024-09-19T15:35:16.801+08:00  INFO 38416 --- [main] com.qiaopi.config.WebMvcConfiguration    : 扩展消息转换器...
2024-09-19T15:35:17.088+08:00  INFO 38416 --- [main] o.s.b.w.embedded.tomcat.TomcatWebServer  : Tomcat started on port 8080 (http) with context path '/'
2024-09-19T15:35:17.093+08:00  INFO 38416 --- [main] com.qiaopi.QiaopiServerApplication       : Started QiaopiServerApplication in 2.026 seconds (process running for 2.403)
2024-09-19T15:35:25.098+08:00  INFO 38416 --- [http-nio-8080-exec-1] o.a.c.c.C.[Tomcat].[localhost].[/]       : Initializing Spring DispatcherServlet 'dispatcherServlet'
2024-09-19T15:35:25.098+08:00  INFO 38416 --- [http-nio-8080-exec-1] o.s.web.servlet.DispatcherServlet        : Initializing Servlet 'dispatcherServlet'
2024-09-19T15:35:25.100+08:00  INFO 38416 --- [http-nio-8080-exec-1] o.s.web.servlet.DispatcherServlet        : Completed initialization in 1 ms
2024-09-19T15:35:25.258+08:00  INFO 38416 --- [http-nio-8080-exec-1] com.alibaba.druid.pool.DruidDataSource   : {dataSource-1} inited
2024-09-19T15:35:25.426+08:00 DEBUG 38416 --- [http-nio-8080-exec-1] c.qiaopi.mapper.UserMapper.selectCount   : ==>  Preparing: SELECT COUNT( * ) AS total FROM user WHERE (email = ?)
2024-09-19T15:35:25.447+08:00 DEBUG 38416 --- [http-nio-8080-exec-1] c.qiaopi.mapper.UserMapper.selectCount   : ==> Parameters: trashwbin@qq.com(String)
2024-09-19T15:35:25.462+08:00 DEBUG 38416 --- [http-nio-8080-exec-1] c.qiaopi.mapper.UserMapper.selectCount   : <==      Total: 1
2024-09-19T15:35:42.497+08:00 DEBUG 38416 --- [http-nio-8080-exec-2] c.qiaopi.mapper.UserMapper.selectCount   : ==>  Preparing: SELECT COUNT( * ) AS total FROM user WHERE (email = ?)
2024-09-19T15:35:42.497+08:00 DEBUG 38416 --- [http-nio-8080-exec-2] c.qiaopi.mapper.UserMapper.selectCount   : ==> Parameters: trashwbin@qq.com(String)
2024-09-19T15:35:42.498+08:00 DEBUG 38416 --- [http-nio-8080-exec-2] c.qiaopi.mapper.UserMapper.selectCount   : <==      Total: 1
2024-09-19T15:35:42.996+08:00  INFO 38416 --- [http-nio-8080-exec-2] c.qiaopi.controller.user.UserController  : 邮箱验证码：870324
2024-09-19T15:35:58.312+08:00  INFO 38416 --- [http-nio-8080-exec-5] c.qiaopi.controller.user.UserController  : 用户注册：UserRegisterDTO(super=UserLoginDTO(username=trashwbin@qq.com, password=123456, code=870324, uuid=5df25fe5540f4f568add960e73b50f64, loginIp=null), confirmPassword=123456)
2024-09-19T15:35:58.318+08:00 DEBUG 38416 --- [http-nio-8080-exec-5] c.qiaopi.mapper.UserMapper.selectList    : ==>  Preparing: SELECT id,username,nickname,email,sex,avatar,password,status,del_flag,login_ip,login_date,create_user,create_time,update_user,update_time,remark FROM user WHERE (email = ?)
2024-09-19T15:35:58.318+08:00 DEBUG 38416 --- [http-nio-8080-exec-5] c.qiaopi.mapper.UserMapper.selectList    : ==> Parameters: trashwbin@qq.com(String)
2024-09-19T15:35:58.320+08:00 DEBUG 38416 --- [http-nio-8080-exec-5] c.qiaopi.mapper.UserMapper.selectList    : <==      Total: 0
2024-09-19T15:35:58.355+08:00  INFO 38416 --- [http-nio-8080-exec-5] c.q.enumeration.MyMetaObjecthandler      : 开始进行公共字段自动填充...
2024-09-19T15:35:58.356+08:00  INFO 38416 --- [http-nio-8080-exec-5] c.q.enumeration.MyMetaObjecthandler      : createTime:2024-09-19T15:35:58.356338100
2024-09-19T15:35:58.357+08:00  INFO 38416 --- [http-nio-8080-exec-5] c.q.enumeration.MyMetaObjecthandler      : updateTime:2024-09-19T15:35:58.357339200
2024-09-19T15:35:58.357+08:00  INFO 38416 --- [http-nio-8080-exec-5] c.q.enumeration.MyMetaObjecthandler      : createUser:0
2024-09-19T15:35:58.357+08:00 DEBUG 38416 --- [http-nio-8080-exec-5] com.qiaopi.mapper.UserMapper.insert      : ==>  Preparing: INSERT INTO user ( username, nickname, email, password, create_user, create_time, update_user, update_time ) VALUES ( ?, ?, ?, ?, ?, ?, ?, ? )
2024-09-19T15:35:58.361+08:00 DEBUG 38416 --- [http-nio-8080-exec-5] com.qiaopi.mapper.UserMapper.insert      : ==> Parameters: QiaoPi_17267313583476H9(String), trashwbin(String), trashwbin@qq.com(String), e10adc3949ba59abbe56e057f20f883e(String), 0(Long), 2024-09-19T15:35:58.356338100(LocalDateTime), 0(Long), 2024-09-19T15:35:58.357339200(LocalDateTime)
2024-09-19T15:35:58.370+08:00 DEBUG 38416 --- [http-nio-8080-exec-5] com.qiaopi.mapper.UserMapper.insert      : <==    Updates: 1
2024-09-19T15:35:58.372+08:00  INFO 38416 --- [http-nio-8080-exec-5] c.qiaopi.controller.user.UserController  : 用户注册结果：注册成功
2024-09-19T15:38:12.637+08:00  INFO 38416 --- [SpringApplicationShutdownHook] com.alibaba.druid.pool.DruidDataSource   : {dataSource-1} closing ...
2024-09-19T15:38:12.641+08:00  INFO 38416 --- [SpringApplicationShutdownHook] com.alibaba.druid.pool.DruidDataSource   : {dataSource-1} closed
2024-09-19T15:38:14.741+08:00  INFO 37896 --- [main] com.qiaopi.QiaopiServerApplication       : Starting QiaopiServerApplication using Java 17.0.10 with PID 37896 (D:\A_IDE\Code\items\Qiaopi\Qiaopi-server\target\classes started by Abin in D:\A_IDE\Code\items\Qiaopi)
2024-09-19T15:38:14.742+08:00  INFO 37896 --- [main] com.qiaopi.QiaopiServerApplication       : The following 1 profile is active: "dev"
2024-09-19T15:38:15.157+08:00  INFO 37896 --- [main] .s.d.r.c.RepositoryConfigurationDelegate : Multiple Spring Data modules found, entering strict repository configuration mode
2024-09-19T15:38:15.158+08:00  INFO 37896 --- [main] .s.d.r.c.RepositoryConfigurationDelegate : Bootstrapping Spring Data Redis repositories in DEFAULT mode.
2024-09-19T15:38:15.180+08:00  INFO 37896 --- [main] .s.d.r.c.RepositoryConfigurationDelegate : Finished Spring Data repository scanning in 13 ms. Found 0 Redis repository interfaces.
2024-09-19T15:38:15.561+08:00  INFO 37896 --- [main] o.s.b.w.embedded.tomcat.TomcatWebServer  : Tomcat initialized with port 8080 (http)
2024-09-19T15:38:15.569+08:00  INFO 37896 --- [main] o.apache.catalina.core.StandardService   : Starting service [Tomcat]
2024-09-19T15:38:15.569+08:00  INFO 37896 --- [main] o.apache.catalina.core.StandardEngine    : Starting Servlet engine: [Apache Tomcat/10.1.28]
2024-09-19T15:38:15.620+08:00  INFO 37896 --- [main] o.a.c.c.C.[Tomcat].[localhost].[/]       : Initializing Spring embedded WebApplicationContext
2024-09-19T15:38:15.621+08:00  INFO 37896 --- [main] w.s.c.ServletWebServerApplicationContext : Root WebApplicationContext: initialization completed in 850 ms
2024-09-19T15:38:15.656+08:00  INFO 37896 --- [main] com.qiaopi.config.OssConfiguration       : 开始创建阿里云文件上传工具类对象：AliOssProperties(endpoint=https://oss-cn-guangzhou.aliyuncs.com, accessKeyId=LTAI5tLNaiHCBNss9PtQnuRc, accessKeySecret=KrOp7EyiY78PLSbxwaw8GKRGSLDWi2, bucketName=qiaopi)
2024-09-19T15:38:16.136+08:00  INFO 37896 --- [main] com.qiaopi.config.WebMvcConfiguration    : 开始注册自定义拦截器...
2024-09-19T15:38:16.174+08:00  INFO 37896 --- [main] com.qiaopi.config.WebMvcConfiguration    : 扩展消息转换器...
2024-09-19T15:38:16.452+08:00  INFO 37896 --- [main] o.s.b.w.embedded.tomcat.TomcatWebServer  : Tomcat started on port 8080 (http) with context path '/'
2024-09-19T15:38:16.458+08:00  INFO 37896 --- [main] com.qiaopi.QiaopiServerApplication       : Started QiaopiServerApplication in 2.005 seconds (process running for 2.373)
2024-09-19T15:38:37.353+08:00  INFO 37896 --- [http-nio-8080-exec-1] o.a.c.c.C.[Tomcat].[localhost].[/]       : Initializing Spring DispatcherServlet 'dispatcherServlet'
2024-09-19T15:38:37.353+08:00  INFO 37896 --- [http-nio-8080-exec-1] o.s.web.servlet.DispatcherServlet        : Initializing Servlet 'dispatcherServlet'
2024-09-19T15:38:37.354+08:00  INFO 37896 --- [http-nio-8080-exec-1] o.s.web.servlet.DispatcherServlet        : Completed initialization in 1 ms
2024-09-19T15:38:37.411+08:00  INFO 37896 --- [http-nio-8080-exec-1] c.qiaopi.controller.user.UserController  : 用户注册：UserRegisterDTO(super=UserLoginDTO(username=trashwbin@qq.com, password=123456, code=870324, uuid=5df25fe5540f4f568add960e73b50f64, loginIp=null), confirmPassword=123456)
2024-09-19T15:38:37.478+08:00  INFO 37896 --- [http-nio-8080-exec-1] com.alibaba.druid.pool.DruidDataSource   : {dataSource-1} inited
2024-09-19T15:38:37.585+08:00 DEBUG 37896 --- [http-nio-8080-exec-1] c.qiaopi.mapper.UserMapper.selectList    : ==>  Preparing: SELECT id,username,nickname,email,sex,avatar,password,status,del_flag,login_ip,login_date,create_user,create_time,update_user,update_time,remark FROM user WHERE (email = ?)
2024-09-19T15:38:37.597+08:00 DEBUG 37896 --- [http-nio-8080-exec-1] c.qiaopi.mapper.UserMapper.selectList    : ==> Parameters: trashwbin@qq.com(String)
2024-09-19T15:38:37.610+08:00 DEBUG 37896 --- [http-nio-8080-exec-1] c.qiaopi.mapper.UserMapper.selectList    : <==      Total: 1
2024-09-19T15:38:37.612+08:00  INFO 37896 --- [http-nio-8080-exec-1] c.qiaopi.controller.user.UserController  : 用户注册结果：trashwbin@qq.com邮箱已被注册
2024-09-19T15:38:45.910+08:00  INFO 37896 --- [http-nio-8080-exec-2] c.qiaopi.controller.user.UserController  : 获取验证码:VHJBp
2024-09-19T15:41:48.149+08:00  INFO 37896 --- [SpringApplicationShutdownHook] com.alibaba.druid.pool.DruidDataSource   : {dataSource-1} closing ...
2024-09-19T15:41:48.154+08:00  INFO 37896 --- [SpringApplicationShutdownHook] com.alibaba.druid.pool.DruidDataSource   : {dataSource-1} closed
2024-09-19T15:41:52.172+08:00  INFO 42372 --- [main] com.qiaopi.QiaopiServerApplication       : Starting QiaopiServerApplication using Java 17.0.10 with PID 42372 (D:\A_IDE\Code\items\Qiaopi\Qiaopi-server\target\classes started by Abin in D:\A_IDE\Code\items\Qiaopi)
2024-09-19T15:41:52.173+08:00  INFO 42372 --- [main] com.qiaopi.QiaopiServerApplication       : The following 1 profile is active: "dev"
2024-09-19T15:41:52.601+08:00  INFO 42372 --- [main] .s.d.r.c.RepositoryConfigurationDelegate : Multiple Spring Data modules found, entering strict repository configuration mode
2024-09-19T15:41:52.603+08:00  INFO 42372 --- [main] .s.d.r.c.RepositoryConfigurationDelegate : Bootstrapping Spring Data Redis repositories in DEFAULT mode.
2024-09-19T15:41:52.625+08:00  INFO 42372 --- [main] .s.d.r.c.RepositoryConfigurationDelegate : Finished Spring Data repository scanning in 13 ms. Found 0 Redis repository interfaces.
2024-09-19T15:41:53.085+08:00  INFO 42372 --- [main] o.s.b.w.embedded.tomcat.TomcatWebServer  : Tomcat initialized with port 8080 (http)
2024-09-19T15:41:53.096+08:00  INFO 42372 --- [main] o.apache.catalina.core.StandardService   : Starting service [Tomcat]
2024-09-19T15:41:53.096+08:00  INFO 42372 --- [main] o.apache.catalina.core.StandardEngine    : Starting Servlet engine: [Apache Tomcat/10.1.28]
2024-09-19T15:41:53.156+08:00  INFO 42372 --- [main] o.a.c.c.C.[Tomcat].[localhost].[/]       : Initializing Spring embedded WebApplicationContext
2024-09-19T15:41:53.156+08:00  INFO 42372 --- [main] w.s.c.ServletWebServerApplicationContext : Root WebApplicationContext: initialization completed in 955 ms
2024-09-19T15:41:53.200+08:00  INFO 42372 --- [main] com.qiaopi.config.OssConfiguration       : 开始创建阿里云文件上传工具类对象：AliOssProperties(endpoint=https://oss-cn-guangzhou.aliyuncs.com, accessKeyId=LTAI5tLNaiHCBNss9PtQnuRc, accessKeySecret=KrOp7EyiY78PLSbxwaw8GKRGSLDWi2, bucketName=qiaopi)
2024-09-19T15:41:53.737+08:00  INFO 42372 --- [main] com.qiaopi.config.WebMvcConfiguration    : 开始注册自定义拦截器...
2024-09-19T15:41:53.779+08:00  INFO 42372 --- [main] com.qiaopi.config.WebMvcConfiguration    : 扩展消息转换器...
2024-09-19T15:41:54.074+08:00  INFO 42372 --- [main] o.s.b.w.embedded.tomcat.TomcatWebServer  : Tomcat started on port 8080 (http) with context path '/'
2024-09-19T15:41:54.080+08:00  INFO 42372 --- [main] com.qiaopi.QiaopiServerApplication       : Started QiaopiServerApplication in 2.203 seconds (process running for 2.565)
2024-09-19T15:41:54.165+08:00  INFO 42372 --- [http-nio-8080-exec-1] o.a.c.c.C.[Tomcat].[localhost].[/]       : Initializing Spring DispatcherServlet 'dispatcherServlet'
2024-09-19T15:41:54.165+08:00  INFO 42372 --- [http-nio-8080-exec-1] o.s.web.servlet.DispatcherServlet        : Initializing Servlet 'dispatcherServlet'
2024-09-19T15:41:54.166+08:00  INFO 42372 --- [http-nio-8080-exec-1] o.s.web.servlet.DispatcherServlet        : Completed initialization in 1 ms
2024-09-19T15:41:54.279+08:00  INFO 42372 --- [http-nio-8080-exec-1] c.qiaopi.controller.user.UserController  : 获取验证码:F7TpL
